E:\DOC\TOOL\QTSNAKE\QTSNAKE\GENERATEDFILES\QRC_QTSNAKE.CPP
E:\DOC\TOOL\QTSNAKE\QTSNAKE\GENERATEDFILES\RELEASE\MOC_CSNAKE.CPP
E:\DOC\TOOL\QTSNAKE\QTSNAKE\GENERATEDFILES\RELEASE\MOC_CSNAKECORE.CPP
E:\doc\tool\QtSnake\QtSnake\Release\cl.command.1.tlog
E:\doc\tool\QtSnake\QtSnake\Release\CL.read.1.tlog
E:\doc\tool\QtSnake\QtSnake\Release\CL.write.1.tlog
E:\DOC\TOOL\QTSNAKE\QTSNAKE\RELEASE\CSNAKE.OBJ
E:\DOC\TOOL\QTSNAKE\QTSNAKE\RELEASE\CSNAKECORE.OBJ
E:\doc\tool\QtSnake\QtSnake\Release\custombuild.command.1.tlog
E:\doc\tool\QtSnake\QtSnake\Release\custombuild.read.1.tlog
E:\doc\tool\QtSnake\QtSnake\Release\custombuild.write.1.tlog
E:\doc\tool\QtSnake\QtSnake\Release\link.command.1.tlog
E:\doc\tool\QtSnake\QtSnake\Release\link.read.1.tlog
E:\doc\tool\QtSnake\QtSnake\Release\link.write.1.tlog
E:\DOC\TOOL\QTSNAKE\QTSNAKE\RELEASE\MAIN.OBJ
E:\DOC\TOOL\QTSNAKE\QTSNAKE\RELEASE\MOC_CSNAKE.OBJ
E:\DOC\TOOL\QTSNAKE\QTSNAKE\RELEASE\MOC_CSNAKECORE.OBJ
E:\doc\tool\QtSnake\QtSnake\Release\mt.command.1.tlog
E:\doc\tool\QtSnake\QtSnake\Release\mt.read.1.tlog
E:\doc\tool\QtSnake\QtSnake\Release\mt.write.1.tlog
E:\DOC\TOOL\QTSNAKE\QTSNAKE\RELEASE\QRC_QTSNAKE.OBJ
E:\DOC\TOOL\QTSNAKE\QTSNAKE\RELEASE\QTSNAKE.EXE.INTERMEDIATE.MANIFEST
E:\doc\tool\QtSnake\QtSnake\Release\QtSnake.vcxprojResolveAssemblyReference.cache
E:\doc\tool\QtSnake\QtSnake\Release\QtSnake.write.1.tlog
E:\DOC\TOOL\QTSNAKE\WIN32\RELEASE\QTSNAKE.EXE
