E:\doc\code\QtSnake\QtSnake\Debug\cl.command.1.tlog
E:\doc\code\QtSnake\QtSnake\Debug\CL.read.1.tlog
E:\doc\code\QtSnake\QtSnake\Debug\CL.write.1.tlog
E:\doc\code\QtSnake\QtSnake\Debug\custombuild.command.1.tlog
E:\doc\code\QtSnake\QtSnake\Debug\custombuild.read.1.tlog
E:\doc\code\QtSnake\QtSnake\Debug\custombuild.write.1.tlog
E:\DOC\CODE\QTSNAKE\QTSNAKE\DEBUG\GAMECORE.OBJ
E:\doc\code\QtSnake\QtSnake\Debug\link.command.1.tlog
E:\doc\code\QtSnake\QtSnake\Debug\link.read.1.tlog
E:\doc\code\QtSnake\QtSnake\Debug\link.write.1.tlog
E:\DOC\CODE\QTSNAKE\QTSNAKE\DEBUG\MAIN.OBJ
E:\DOC\CODE\QTSNAKE\QTSNAKE\DEBUG\MOC_CSNAKE.OBJ
E:\DOC\CODE\QTSNAKE\QTSNAKE\DEBUG\MOC_CSNAKECORE.OBJ
E:\DOC\CODE\QTSNAKE\QTSNAKE\DEBUG\MOC_GAMECORE.OBJ
E:\DOC\CODE\QTSNAKE\QTSNAKE\DEBUG\MOC_QTSNAKE.OBJ
E:\DOC\CODE\QTSNAKE\QTSNAKE\DEBUG\MOC_SNAKE.OBJ
E:\DOC\CODE\QTSNAKE\QTSNAKE\DEBUG\MOC_SNAKECORE.OBJ
E:\doc\code\QtSnake\QtSnake\Debug\mt.command.1.tlog
E:\doc\code\QtSnake\QtSnake\Debug\mt.read.1.tlog
E:\doc\code\QtSnake\QtSnake\Debug\mt.write.1.tlog
E:\DOC\CODE\QTSNAKE\QTSNAKE\DEBUG\QRC_QTSNAKE.OBJ
E:\DOC\CODE\QTSNAKE\QTSNAKE\DEBUG\QTSNAKE.EXE.INTERMEDIATE.MANIFEST
E:\DOC\CODE\QTSNAKE\QTSNAKE\DEBUG\QTSNAKE.OBJ
E:\doc\code\QtSnake\QtSnake\Debug\QtSnake.vcxprojResolveAssemblyReference.cache
E:\doc\code\QtSnake\QtSnake\Debug\QtSnake.write.1.tlog
E:\DOC\CODE\QTSNAKE\QTSNAKE\DEBUG\SNAKE.OBJ
E:\DOC\CODE\QTSNAKE\QTSNAKE\DEBUG\SNAKECORE.OBJ
E:\DOC\CODE\QTSNAKE\QTSNAKE\DEBUG\VC100.PDB
E:\DOC\CODE\QTSNAKE\QTSNAKE\GENERATEDFILES\DEBUG\MOC_CSNAKE.CPP
E:\DOC\CODE\QTSNAKE\QTSNAKE\GENERATEDFILES\DEBUG\MOC_CSNAKECORE.CPP
E:\DOC\CODE\QTSNAKE\QTSNAKE\GENERATEDFILES\DEBUG\MOC_GAMECORE.CPP
E:\DOC\CODE\QTSNAKE\QTSNAKE\GENERATEDFILES\DEBUG\MOC_QTSNAKE.CPP
E:\DOC\CODE\QTSNAKE\QTSNAKE\GENERATEDFILES\DEBUG\MOC_SNAKE.CPP
E:\DOC\CODE\QTSNAKE\QTSNAKE\GENERATEDFILES\DEBUG\MOC_SNAKECORE.CPP
E:\DOC\CODE\QTSNAKE\QTSNAKE\GENERATEDFILES\QRC_QTSNAKE.CPP
E:\DOC\CODE\QTSNAKE\WIN32\DEBUG\QTSNAKE.EXE
E:\DOC\CODE\QTSNAKE\WIN32\DEBUG\QTSNAKE.ILK
E:\DOC\CODE\QTSNAKE\WIN32\DEBUG\QTSNAKE.PDB
